<?xml version="1.0" encoding="UTF-8"?>
<testsuite xmlns:xsi="http://www.w3.org/2001/XMLSchema-instance" xsi:noNamespaceSchemaLocation="https://maven.apache.org/surefire/maven-surefire-plugin/xsd/surefire-test-report-3.0.xsd" version="3.0" name="edu.citytech.javareview.T3_StockDAO" time="0.125" tests="1" errors="0" skipped="0" failures="0">
  <properties>
[...]
</properties>
  <testcase name="t1" classname="edu.citytech.javareview.T3_StockDAO" time="0.117">
    <system-out><![CDATA[Stock [symbol=NVDA, price=118.19, marketCapInBillions=3090.0, dividend=2.9999999E-4, months=3|6|9|12, source=ortega.isaac]
NVDA $118.19 $3.09T 0.03% 3,6,9,12
......................................................................................................................................................
Stock [symbol=NTDOF, price=55.25, marketCapInBillions=64.1, dividend=0.0249, months=6, source=ortega.isaac]
NTDOF $55.25 $64.10B 2.49% 6
......................................................................................................................................................
Stock [symbol=SSNLF, price=40.6, marketCapInBillions=379.6, dividend=0.026500002, months=5|8, source=ortega.isaac]
SSNLF $40.60 $379.60B 2.65% 5,8
......................................................................................................................................................
Stock [symbol=SONY, price=96.6, marketCapInBillions=118.25, dividend=0.0058, months=6, source=ortega.isaac]
SONY $96.60 $118.25B 0.58% 6
......................................................................................................................................................
Stock [symbol=MSFT, price=413.7, marketCapInBillions=3050.0, dividend=0.0073, months=3|6|9, source=ortega.isaac]
MSFT $413.70 $3.05T 0.73% 3,6,9
......................................................................................................................................................
Stock [symbol=MCD, price=288.1, marketCapInBillions=205.91, dividend=0.0233, months=3|6|9, source=ortega.isaac]
MCD $288.10 $205.91B 2.33% 3,6,9
......................................................................................................................................................
Stock [symbol=DIS, price=89.82, marketCapInBillions=162.51, dividend=0.0101, months=7, source=ortega.isaac]
DIS $89.82 $162.51B 1.01% 7
......................................................................................................................................................
Stock [symbol=GOOGL, price=160.79, marketCapInBillions=2010.0, dividend=0.0049, months=6|9, source=ortega.isaac]
GOOGL $160.79 $2.01T 0.49% 6,9
......................................................................................................................................................
Stock [symbol=AAPL, price=230.38, marketCapInBillions=3440.0, dividend=0.0044, months=2|5|8, source=ortega.isaac]
AAPL $230.38 $3.44T 0.44% 2,5,8
......................................................................................................................................................
Stock [symbol=NKE, price=83.43, marketCapInBillions=124.13, dividend=0.0179, months=4|7|10, source=ortega.isaac]
NKE $83.43 $124.13B 1.79% 4,7,10
......................................................................................................................................................
Stock [symbol=ADDYY, price=127.47, marketCapInBillions=45.05, dividend=0.003, months=5, source=ortega.isaac]
ADDYY $127.47 $45.05B 0.30% 5
......................................................................................................................................................
Stock [symbol=PEP, price=172.3, marketCapInBillions=238.89, dividend=0.0312, months=4|6|9, source=ortega.isaac]
PEP $172.30 $238.89B 3.12% 4,6,9
......................................................................................................................................................
Stock [symbol=AAPL, price=150.25, marketCapInBillions=2450.0, dividend=0.0058, months=2|5|8|11, source=.yiming.gao]
AAPL $150.25 $2,450,000,000,000 0.58% 2, 5, 8, 11
......................................................................................................................................................
Stock [symbol=MSFT, price=280.75, marketCapInBillions=2100.0, dividend=0.0092, months=3|6|9|12, source=.yiming.gao]
MSFT $280.75 $2,100,000,000,000 0.92% 3, 6, 9, 12
......................................................................................................................................................
Stock [symbol=JNJ, price=165.5, marketCapInBillions=434.99997, dividend=0.0275, months=3|6|9|12, source=.yiming.gao]
JNJ $165.50 $435,000,000,000 2.75% 3, 6, 9, 12
......................................................................................................................................................
Stock [symbol=PG, price=140.8, marketCapInBillions=335.0, dividend=0.024500001, months=2|5|8|11, source=.yiming.gao]
PG $140.80 $335,000,000,000 2.45% 2, 5, 8, 11
......................................................................................................................................................
Stock [symbol=KO, price=55.2, marketCapInBillions=238.0, dividend=0.031, months=4|7|10|1, source=.yiming.gao]
KO $55.20 $238,000,000,000 3.10% 4, 7, 10, 1
......................................................................................................................................................
Stock [symbol=XOM, price=105.3, marketCapInBillions=440.0, dividend=0.0335, months=3|6|9|12, source=.yiming.gao]
XOM $105.30 $440,000,000,000 3.35% 3, 6, 9, 12
......................................................................................................................................................
Stock [symbol=VZ, price=52.8, marketCapInBillions=220.0, dividend=0.048499998, months=2|5|8|11, source=.yiming.gao]
VZ $52.80 $220,000,000,000 4.85% 2, 5, 8, 11
......................................................................................................................................................
Stock [symbol=T, price=29.75, marketCapInBillions=210.0, dividend=0.056999996, months=2|5|8|11, source=.yiming.gao]
T $29.75 $210,000,000,000 5.70% 2, 5, 8, 11
......................................................................................................................................................
Stock [symbol=CVX, price=162.4, marketCapInBillions=315.0, dividend=0.032, months=3|6|9|12, source=.yiming.gao]
CVX $162.40 $315,000,000,000 3.20% 3, 6, 9, 12
......................................................................................................................................................
Stock [symbol=PFE, price=42.6, marketCapInBillions=240.00002, dividend=0.0375, months=3|6|9|12, source=.yiming.gao]
PFE $42.60 $240,000,000,000 3.75% 3, 6, 9, 12
......................................................................................................................................................
Stock [symbol=MRK, price=78.9, marketCapInBillions=200.0, dividend=0.029000001, months=1|4|7|10, source=.yiming.gao]
MRK $78.90 $200,000,000,000 2.90% 1, 4, 7, 10
......................................................................................................................................................
Stock [symbol=IBM, price=132.7, marketCapInBillions=120.00001, dividend=0.0495, months=3|6|9|12, source=.yiming.gao]
IBM $132.70 $120,000,000,000 4.95% 3, 6, 9, 12
......................................................................................................................................................
Stock [symbol=CVS, price=57.25, marketCapInBillions=71.99999, dividend=0.0465, months=1|4|7|10, source=.yiming.gao]
CVS $57.25 $72,000,000,000 4.65% 1, 4, 7, 10
......................................................................................................................................................
Stock [symbol=IBM, price=200.1, marketCapInBillions=182.81, dividend=0.0337, months=3|6|9|12, source=elart, gabriel]
IBM $200.10 $182.81B 3.37% 3,6,9,12
......................................................................................................................................................
Stock [symbol=CSCO, price=50.25, marketCapInBillions=200.84, dividend=0.0321, months=1|4|7|10, source=elart, gabriel]
CSCO $50.25 $200.84b 3.21% 1,4,7,10
......................................................................................................................................................
Stock [symbol=VZ, price=41.4, marketCapInBillions=174.65, dividend=0.0641, months=2|5|8|11, source=elart, gabriel]
VZ $41.40 $174.65B 6.41% 2,5,8,11
......................................................................................................................................................
Stock [symbol=T, price=19.83, marketCapInBillions=142.11, dividend=0.055999998, months=2|5|8|11, source=elart, gabriel]
T $19.83 $142.11B 5.60% 2,5,8,11
......................................................................................................................................................
Stock [symbol=PFE, price=28.74, marketCapInBillions=162.92, dividend=0.0584, months=3|6|9|12, source=elart, gabriel]
PFE $28.74 $162.92B 5.84% 3,6,9,12
......................................................................................................................................................
Stock [symbol=JNJ, price=164.37, marketCapInBillions=394.6, dividend=0.030299999, months=3|6|9|12, source=elart, gabriel]
JNJ $164.37 $394.60B 3.03% 3,6,9,12
......................................................................................................................................................
Stock [symbol=KO, price=71.84, marketCapInBillions=309.23, dividend=0.027, months=4|7|10|12, source=elart, gabriel]
KO $$71.84 $309.23B 2.70% 4,7,10,12
......................................................................................................................................................
Stock [symbol=MCD, price=287.97, marketCapInBillions=205.91, dividend=0.0233, months=3|6|9|12, source=elart, gabriel]
MCD $287.97 $205.91B 2.33% 3,6,9,12
......................................................................................................................................................
Stock [symbol=PEP, price=172.31, marketCapInBillions=238.89, dividend=0.0312, months=3|6|9|1, source=elart, gabriel]
PEP $172.31 $238.89B 3.12% 3,6,9,1
......................................................................................................................................................
Stock [symbol=MMM, price=132.5, marketCapInBillions=72.3, dividend=0.021300001, months=3|6|9|12, source=elart, gabriel]
MMM $132.50 $72.30B 2.13% 3,6,9,12
......................................................................................................................................................
Stock [symbol=PG, price=170.1, marketCapInBillions=397.24, dividend=0.0238, months=2|5|8|11, source=elart, gabriel]
PG $170.10 $397.24B 2.38% 2,5,8,11
......................................................................................................................................................
Stock [symbol=NVDA, price=117.66, marketCapInBillions=3090.0, dividend=2.9999999E-4, months=3|6|9|12, source=elart, gabriel]
NVDA $117.66 $3.09T 0.03% 3,6,9,12
......................................................................................................................................................
Stock [symbol=IBM, price=200.27, marketCapInBillions=182.81, dividend=0.0337, months=2|5|8|11, source=butt.muhammadhassan]
IBM $200.27 $182.81B 3.37% 2,5,8,11
......................................................................................................................................................
Stock [symbol=NKE, price=83.44, marketCapInBillions=124.13, dividend=0.0179, months=3|6|9|12, source=butt.muhammadhassan]
NKE $83.44 $124.13B 1.79% 3,6,9,12
......................................................................................................................................................
Stock [symbol=SONY, price=96.59, marketCapInBillions=118.25, dividend=0.0058, months=6|12, source=butt.muhammadhassan]
SONY $96.59 $118.25B 0.58% 6,12
......................................................................................................................................................
Stock [symbol=NVDA, price=118.16, marketCapInBillions=3090.0, dividend=2.9999999E-4, months=3|6|9|12, source=butt.muhammadhassan]
NVDA $118.16 $3.09T 0.03% 3,6,9,12
......................................................................................................................................................
Stock [symbol=GOOG, price=162.77, marketCapInBillions=2010.0, dividend=0.0049, months=6|9, source=butt.muhammadhassan]
GOOG $162.77 $2.01T 0.49% 6,9
......................................................................................................................................................
Stock [symbol=MSFT, price=413.15, marketCapInBillions=3050.0, dividend=0.0073, months=2|5|8|11, source=butt.muhammadhassan]
MSFT $413.15 $3.05T 0.73% 2,5,8,11
......................................................................................................................................................
Stock [symbol=AAPL, price=230.07, marketCapInBillions=3440.0, dividend=0.0044, months=2|5|8|11, source=butt.muhammadhassan]
AAPL $230.07 $3.44T 0.44% 2,5,8,11
......................................................................................................................................................
Stock [symbol=META, price=517.16, marketCapInBillions=1310.0, dividend=0.0039, months=3|6, source=butt.muhammadhassan]
META $517.16 $1.31T 0.39% 3,6
......................................................................................................................................................
Stock [symbol=NSRGY, price=107.48, marketCapInBillions=275.71, dividend=0.0307, months=5, source=butt.muhammadhassan]
NSRGY $107.48 $275.71B 3.07% 5
......................................................................................................................................................
Stock [symbol=UL, price=65.09, marketCapInBillions=159.76, dividend=0.0287, months=2|5|8|11, source=butt.muhammadhassan]
UL $65.09 $159.76B 2.87% 2,5,8,11
......................................................................................................................................................
Stock [symbol=MCD, price=288.16, marketCapInBillions=205.91, dividend=0.0233, months=3|6|9|12, source=butt.muhammadhassan]
MCD $288.16 $205.91B 2.33% 3,6,9,12
......................................................................................................................................................
Stock [symbol=PEP, price=172.29, marketCapInBillions=238.89, dividend=0.0312, months=3|6|9|12, source=butt.muhammadhassan]
PEP $172.29 $238.89B 3.12% 3,6,9,12
......................................................................................................................................................
Stock [symbol=TLT, price=97.55, marketCapInBillions=61.93, dividend=0.0367, months=1|2|3|4|5|6|7|8|9|10|11|12, source=lin.maolong]
TLT $97.55 $61.93B 3.67% 1,2,3,4,5,6,7,8,9,10,11,12
......................................................................................................................................................
Stock [symbol=IEF, price=97.42, marketCapInBillions=31.32, dividend=0.0322, months=1|2|3|4|5|6|7|8|9|10|11|12, source=lin.maolong]
IEF $97.42 $31.32B 3.22% 1,2,3,4,5,6,7,8,9,10,11,12
......................................................................................................................................................
Stock [symbol=IEI, price=118.88, marketCapInBillions=15.01, dividend=0.028499998, months=1|2|3|4|5|6|7|8|9|10|11|12, source=lin.maolong]
IEI $118.88 $15.01B 2.85% 1,2,3,4,5,6,7,8,9,10,11,12
......................................................................................................................................................
Stock [symbol=SHV, price=110.56, marketCapInBillions=19.07, dividend=0.0513, months=1|2|3|4|5|6|7|8|9|10|11|12, source=lin.maolong]
SHV $110.56 $19.07B 5.13% 1,2,3,4,5,6,7,8,9,10,11,12
......................................................................................................................................................
Stock [symbol=SGOV, price=100.71, marketCapInBillions=25.05, dividend=0.0521, months=1|2|3|4|5|6|7|8|9|10|11|12, source=lin.maolong]
SGOV $100.71 $25.05B 5.21% 1,2,3,4,5,6,7,8,9,10,11,12
......................................................................................................................................................
Stock [symbol=BIL, price=91.78, marketCapInBillions=34.43, dividend=0.0523, months=1|2|3|4|5|6|7|8|9|10|11|12, source=lin.maolong]
BIL $91.78 $34.43B 5.23% 1,2,3,4,5,6,7,8,9,10,11,12
......................................................................................................................................................
Stock [symbol=DLN, price=76.83, marketCapInBillions=4.2, dividend=0.0207, months=1|2|3|4|5|6|7|8|9|10|11|12, source=lin.maolong]
DLN $76.83 $4.20B 2.07% 1,2,3,4,5,6,7,8,9,10,11,12
......................................................................................................................................................
Stock [symbol=DTD, price=75.3, marketCapInBillions=1.3, dividend=0.021300001, months=1|2|3|4|5|6|7|8|9|10|11|12, source=lin.maolong]
DTD $75.30 $1.30B 2.13% 1,2,3,4,5,6,7,8,9,10,11,12
......................................................................................................................................................
Stock [symbol=AAPL, price=230.14, marketCapInBillions=3440.0, dividend=0.0044, months=1|4|7|10, source=lin.maolong]
AAPL $230.14 $3.44T 0.44% 1,4,7,10
......................................................................................................................................................
Stock [symbol=QCOM, price=168.99, marketCapInBillions=191.44, dividend=0.0198, months=1|4|7|10, source=lin.maolong]
QCOM $168.99 $191.44B 1.98% 1,4,7,10
......................................................................................................................................................
Stock [symbol=ASML, price=884.51, marketCapInBillions=349.37, dividend=0.0074, months=2|5|8|11, source=lin.maolong]
ASML $884.51 $349.37B 0.74% 2,5,8,11
......................................................................................................................................................
Stock [symbol=TXN, price=211.19, marketCapInBillions=189.68, dividend=0.025, months=2|5|8|11, source=lin.maolong]
TXN $211.19 $189.68B 2.50% 2,5,8,11
......................................................................................................................................................
Stock [symbol=IBM, price=200.27, marketCapInBillions=182.81, dividend=0.0337, months=2|5|8|11, source=parrasalas.adalberto]
IBM $200.27 $182.81B 3.37% 2,5,8,11
......................................................................................................................................................
Stock [symbol=LUV, price=28.91, marketCapInBillions=17.18, dividend=0.0251, months=1|3|7|9|1, source=parrasalas.adalberto]
LUV $28.91 $17.18B 2.51% 1,3,7,9,1
......................................................................................................................................................
Stock [symbol=ABBV, price=195.42, marketCapInBillions=345.14, dividend=0.0317, months=2|5|8|11, source=parrasalas.adalberto]
ABBV $195.42 $345.14B 3.17% 2,5,8,11
......................................................................................................................................................
Stock [symbol=PCAR, price=94.98, marketCapInBillions=49.55, dividend=0.0465, months=3|6|9|12|1, source=parrasalas.adalberto]
PCAR $94.98 $49.55B 4.65% 3,6,9,12,1
......................................................................................................................................................
Stock [symbol=MO, price=53.4, marketCapInBillions=90.81, dividend=0.0767, months=4|7|10|1, source=parrasalas.adalberto]
MO $53.40 $90.81 7.67% 4,7,10,1
......................................................................................................................................................
Stock [symbol=M, price=15.68, marketCapInBillions=4.25, dividend=0.0452, months=4|7|10|1, source=parrasalas.adalberto]
M $15.68 $4.25B 4.52% 4,7,10,1
......................................................................................................................................................
Stock [symbol=MSFT, price=413.42, marketCapInBillions=3050.0, dividend=0.0073, months=3|6|9|12, source=parrasalas.adalberto]
MSFT $413.42 $3.05T 0.73 3,6,9,12
......................................................................................................................................................
Stock [symbol=C, price=61.73, marketCapInBillions=117.48, dividend=0.0364, months=2|5|8|11, source=parrasalas.adalberto]
C $61.73 $117.48B 3.64% 2,5,8,11
......................................................................................................................................................
Stock [symbol=TM, price=187.73, marketCapInBillions=250.15, dividend=0.025899999, months=6|12, source=parrasalas.adalberto]
TM $187.73 $250.15B 2.59% 6,12
......................................................................................................................................................
Stock [symbol=QSR, price=69.23, marketCapInBillions=31.14, dividend=0.0336, months=4|7|10|1, source=parrasalas.adalberto]
QSR $69.23 $31.14B 3.36$ 4,7,10,1
......................................................................................................................................................
Stock [symbol=PEP, price=172.42, marketCapInBillions=238.99, dividend=0.0312, months=3|6|9|1, source=parrasalas.adalberto]
PEP $172.42 $238.99B 3.12% 3,6,9,1
......................................................................................................................................................
Stock [symbol=KO, price=71.84, marketCapInBillions=309.23, dividend=0.027, months=4|7|10|12, source=parrasalas.adalberto]
KO $71.84 $309.23B 2.70% 4,7,10,12
......................................................................................................................................................
Stock [symbol=IBM, price=200.62, marketCapInBillions=182.81, dividend=0.0337, months=3|6|9|12, source=osibodu.daniel]
IBM 200.62 182.81B 3.37% 3,6,9,12
......................................................................................................................................................
Stock [symbol=CSCO, price=50.42, marketCapInBillions=200.84, dividend=0.0321, months=1|4|7|10, source=osibodu.daniel]
CSCO 50.42 200.84B 3.21% 1,4,7,10
......................................................................................................................................................
Stock [symbol=VZ, price=41.47, marketCapInBillions=174.65, dividend=0.0641, months=2|5|8|11, source=osibodu.daniel]
VZ 41.47 174.65B 6.41% 2,5,8,11
......................................................................................................................................................
Stock [symbol=T, price=19.83, marketCapInBillions=142.11, dividend=0.055999998, months=2|5|8|11, source=osibodu.daniel]
T 19.83 142.11B 5.60% 2,5,8,11
......................................................................................................................................................
Stock [symbol=JNJ, price=164.55, marketCapInBillions=394.6, dividend=0.030299999, months=3|6|9|12, source=osibodu.daniel]
JNJ 164.55 394.60B 3.03% 3,6,9,12
......................................................................................................................................................
Stock [symbol=ABBV, price=195.59, marketCapInBillions=345.14, dividend=0.0317, months=2|5|8|11, source=osibodu.daniel]
ABBV 195.59 345.14B 3.17% 2,5,8,11
......................................................................................................................................................
Stock [symbol=PFE, price=28.77, marketCapInBillions=162.92, dividend=0.0584, months=3|6|9|12, source=osibodu.daniel]
PFE 28.77 162.92B 5.84% 3,6,9,12
......................................................................................................................................................
Stock [symbol=HPQ, price=35.57, marketCapInBillions=34.01, dividend=0.0317, months=4|7|10|1, source=osibodu.daniel]
HPQ 35.57 34.01B 3.17% 4,7,10,1
......................................................................................................................................................
Stock [symbol=OTEX, price=32.25, marketCapInBillions=8.48, dividend=0.0328, months=3|6|9|12, source=osibodu.daniel]
OTEX 32.25 8.48B 3.28% 3,6,9,12
......................................................................................................................................................
Stock [symbol=VTRS, price=11.94, marketCapInBillions=14.2, dividend=0.0403, months=3|6|9|12, source=osibodu.daniel]
VTRS 11.94 14.20B 4.03% 3,6,9,12
......................................................................................................................................................
Stock [symbol=BMY, price=49.62, marketCapInBillions=99.46, dividend=0.048899997, months=2|5|8|11, source=osibodu.daniel]
BMY 49.62 99.46B 4.89% 2,5,8,11
......................................................................................................................................................
Stock [symbol=OGN, price=22.51, marketCapInBillions=5.79, dividend=0.0498, months=3|6|9|12, source=osibodu.daniel]
OGN 22.51 5.79B 4.98% 3,6,9,12
......................................................................................................................................................
Stock [symbol=NVDA, price=117.6, marketCapInBillions=3090.0, dividend=2.9999999E-4, months=3|7|9|12, source=ndoni.bledar]
NVDA $117.60 $3.09T 0.03% 3, 7, 9, 12
......................................................................................................................................................
Stock [symbol=CVS, price=57.23, marketCapInBillions=72.01, dividend=0.0465, months=2|5|8|11, source=ndoni.bledar]
CVS $57.23 $72.01B 4.65% 2, 5, 8, 11
......................................................................................................................................................
Stock [symbol=AAPL, price=230.07, marketCapInBillions=3440.0, dividend=0.0044, months=2|5|8|11, source=ndoni.bledar]
AAPL $230.07 $3.44T 0.44% 2, 5, 8, 11
......................................................................................................................................................
Stock [symbol=GOOG, price=2754.37, marketCapInBillions=1430.0, dividend=0.0, months=1|4|6|10, source=ndoni.bledar]
GOOG $2,754.37 $1.43T 0.00% 1, 4, 6, 10
......................................................................................................................................................
Stock [symbol=AMZN, price=3164.31, marketCapInBillions=1230.0, dividend=0.0, months=1|4|6|10, source=ndoni.bledar]
AMZN $3,164.31 $1.23T 0.00% 1, 4, 6, 10
......................................................................................................................................................
Stock [symbol=MSFT, price=342.54, marketCapInBillions=2550.0, dividend=0.0098, months=2|5|8|11, source=ndoni.bledar]
MSFT $342.54 $2.55T 0.98% 2, 5, 8, 11
......................................................................................................................................................
Stock [symbol=JPM, price=163.19, marketCapInBillions=474.93, dividend=0.0271, months=3|7|9|12, source=ndoni.bledar]
JPM $163.19 $474.93B 2.71% 3, 7, 9, 12
......................................................................................................................................................
Stock [symbol=V, price=223.41, marketCapInBillions=523.51, dividend=0.0063, months=2|5|8|11, source=ndoni.bledar]
V $223.41 $523.51B 0.63% 2, 5, 8, 11
......................................................................................................................................................
Stock [symbol=PG, price=143.19, marketCapInBillions=356.93, dividend=0.0247, months=3|7|9|12, source=ndoni.bledar]
PG $143.19 $356.93B 2.47% 3, 7, 9, 12
......................................................................................................................................................
Stock [symbol=MA, price=373.41, marketCapInBillions=423.51, dividend=0.0056, months=2|5|8|11, source=ndoni.bledar]
MA $373.41 $423.51B 0.56% 2, 5, 8, 11
......................................................................................................................................................
Stock [symbol=COLA:CA, price=26.06, marketCapInBillions=416.84, dividend=0.026400002, months=4|7|10|12, source=abdallah.salem]
COLA:CA 26.06 $416.84B 2.64% 4, 7, 10, 12
......................................................................................................................................................
Stock [symbol=AAPL, price=229.95, marketCapInBillions=3440.0, dividend=0.0044, months=2|5|8|11, source=abdallah.salem]
AAPL 229.95 $3.44T 0.44% 2, 5, 8, 11
......................................................................................................................................................
Stock [symbol=NVDA, price=117.67, marketCapInBillions=3090.0, dividend=2.9999999E-4, months=3|6|9|12, source=abdallah.salem]
NVDA 117.67 $3.09T 0.03% 3, 6, 9, 12
......................................................................................................................................................
Stock [symbol=MCD, price=288.28, marketCapInBillions=205.91, dividend=0.0233, months=3|6|9|12, source=abdallah.salem]
MCD $288.28 $205.91B 2.33% 3, 6, 9, 12
......................................................................................................................................................
Stock [symbol=SSNLF, price=40.6, marketCapInBillions=379.6, dividend=0.026500002, months=5|8|11|4, source=abdallah.salem]
SSNLF 40.60 $379.60B 2.65% 5, 8, 11, 4
......................................................................................................................................................
Stock [symbol=VZ, price=41.43, marketCapInBillions=174.65, dividend=0.0641, months=2|5|8|11, source=abdallah.salem]
VZ 41.43 $174.65B 6.41% 2, 5, 8, 11
......................................................................................................................................................
Stock [symbol=JNJ, price=164.52, marketCapInBillions=394.6, dividend=0.030299999, months=3|6|9|12, source=abdallah.salem]
JNJ 164.52 $394.60B 3.03% 3, 6, 9, 12
......................................................................................................................................................
Stock [symbol=T, price=19.81, marketCapInBillions=142.11, dividend=0.055999998, months=2|5|8|11, source=abdallah.salem]
T 19.81 $142.11B 5.60% 2, 5, 8, 11
......................................................................................................................................................
Stock [symbol=F, price=11.12, marketCapInBillions=43.89, dividend=0.070700005, months=3|6|9|12, source=abdallah.salem]
F 11.12 $43.89B 7.07% 3, 6, 9, 12
......................................................................................................................................................
Stock [symbol=SBUXY, price=95.06, marketCapInBillions=107.99, dividend=0.0239, months=2|5|8|11, source=abdallah.salem]
SBUXY $95.06 $107.99B 2.39% 2, 5, 8, 11
......................................................................................................................................................
Stock [symbol=MSFT, price=413.21, marketCapInBillions=3050.0, dividend=0.0073, months=3|6|9|12, source=abdallah.salem]
MSFT $413.21 $3.05T 0.73% 3, 6, 9, 12
......................................................................................................................................................
Stock [symbol=KHC, price=35.3, marketCapInBillions=42.79, dividend=0.0452, months=3|6|9|12, source=abdallah.salem]
KHC $35.30 $42.79B 4.52% 3, 6, 9, 12
......................................................................................................................................................
Stock [symbol=IBM, price=198.63, marketCapInBillions=183.06, dividend=0.0336, months=2|5|8|11, source= hachicho.jack]
IBM $198.63 $183.06B 3.36% 2, 5, 8, 11
......................................................................................................................................................
Stock [symbol=T, price=19.79, marketCapInBillions=140.9, dividend=0.0733, months=1|4|7|10, source= hachicho.jack]
T $19.79 $140.90B 7.33% 1, 4, 7, 10
......................................................................................................................................................
Stock [symbol=VZ, price=41.5, marketCapInBillions=174.48, dividend=0.0792, months=1|4|7, source= hachicho.jack]
VZ $41.50 $174.48B 7.92% 1, 4, 7
......................................................................................................................................................
Stock [symbol=MO, price=53.08, marketCapInBillions=90.45, dividend=0.090100005, months=3|6|9|12, source= hachicho.jack]
MO $53.08 $90.45B 9.01% 3, 6, 9, 12
......................................................................................................................................................
Stock [symbol=O, price=61.86, marketCapInBillions=54.24, dividend=0.0588, months=1|2|3|4|5|6|7|8|9|10|11|12, source= hachicho.jack]
O $61.86 $54.24B 5.88% 1-12
......................................................................................................................................................
Stock [symbol=LUMN, price=5.29, marketCapInBillions=5.32, dividend=0.1505, months=3|5|8|11, source= hachicho.jack]
LUMN $5.29 $5.32B 15.05% 3, 5, 8, 11
......................................................................................................................................................
Stock [symbol=FANG, price=194.77, marketCapInBillions=34.74, dividend=0.0556, months=3|5|8|11, source= hachicho.jack]
FANG $194.77 $34.74B 5.56% 3, 5, 8, 11
......................................................................................................................................................
Stock [symbol=CVX, price=145.79, marketCapInBillions=268.76, dividend=0.0444, months=2|5|8|11, source= hachicho.jack]
CVX $145.79 $268.76B 4.44% 2, 5, 8, 11
......................................................................................................................................................
Stock [symbol=SO, price=86.07, marketCapInBillions=93.85, dividend=0.0336, months=2|5|8|11, source= hachicho.jack]
SO $86.07 $93.85B 3.36% 2, 5, 8, 11
......................................................................................................................................................
Stock [symbol=DUK, price=112.84, marketCapInBillions=86.41, dividend=0.0374, months=2|5|8|11, source= hachicho.jack]
DUK $112.84 $86.41B 3.74% 2, 5, 8, 11
......................................................................................................................................................
Stock [symbol=BTI, price=37.36, marketCapInBillions=81.83, dividend=0.0797, months=3|6|9|12, source= hachicho.jack]
BTI $37.36 $81.83B 7.97% 3, 6, 9, 12
......................................................................................................................................................
Stock [symbol=ENB, price=39.61, marketCapInBillions=85.74, dividend=0.0689, months=2|5|8|11, source= hachicho.jack]
ENB $39.61 $85.74B 6.89% 2, 5, 8, 11
......................................................................................................................................................
Stock [symbol=PFE, price=28.74, marketCapInBillions=162.92, dividend=0.0584, months=3|6|9|12, source=brown.sam]
PFE 28.74 162.92B 5.84% 3,6,9,12
......................................................................................................................................................
Stock [symbol=IBM, price=199.4, marketCapInBillions=182.81, dividend=0.0337, months=2|5|8|11, source=brown.sam]
IBM 199.40 182.81B 3.37% 2,5,8,11
......................................................................................................................................................
Stock [symbol=T, price=19.81, marketCapInBillions=142.11, dividend=0.055999998, months=1|4|7|10, source=brown.sam]
T 19.81 142.11B 5.60% 1,4,7,10
......................................................................................................................................................
Stock [symbol=XOM, price=118.29, marketCapInBillions=517.68, dividend=0.0326, months=2|5|8|11, source=brown.sam]
XOM 118.29 517.68B 3.26% 2,5,8,11
......................................................................................................................................................
Stock [symbol=CFFN, price=6.0, marketCapInBillions=7.7828, dividend=0.056700002, months=2|5|8|11, source=brown.sam]
CFFN 6.00 778.28M 5.67% 2,5,8,11
......................................................................................................................................................
Stock [symbol=BRKL, price=10.22, marketCapInBillions=8.9979, dividend=0.053400002, months=2|5|8|11, source=brown.sam]
BRKL 10.22 899.79M 5.34% 2,5,8,11
......................................................................................................................................................
Stock [symbol=EVBN, price=35.5, marketCapInBillions=1.9282001, dividend=0.0374, months=3|9, source=brown.sam]
EVBN 35.50 192.82M 3.74% 3,9
......................................................................................................................................................
Stock [symbol=PB, price=73.31, marketCapInBillions=6.98, dividend=0.0306, months=3|6|9|12, source=brown.sam]
PB 73.31 6.98B 3.06% 3,6,9,12
......................................................................................................................................................
Stock [symbol=WBS, price=47.41, marketCapInBillions=8.04, dividend=0.0341, months=2|5|8|11, source=brown.sam]
WBS 47.41 8.04B 3.41% 2,5,8,11
......................................................................................................................................................
Stock [symbol=HWC, price=53.3, marketCapInBillions=4.58, dividend=0.0301, months=3|6|9|12, source=brown.sam]
HWC 53.30 4.58B 3.01% 3,6,9,12
......................................................................................................................................................
Stock [symbol=FULT, price=19.22, marketCapInBillions=3.48, dividend=0.0355, months=3|6|9|12, source=brown.sam]
FULT 19.22 3.48B 3.55% 3,6,9,12
......................................................................................................................................................
Stock [symbol=ASB, price=22.71, marketCapInBillions=3.36, dividend=0.038900003, months=2|5|8|11, source=brown.sam]
ASB 22.71 3.36B 3.89% 2,5,8,11
......................................................................................................................................................
Stock [symbol=CSCO, price=50.3, marketCapInBillions=200.84, dividend=0.0321, months=1|4|7|10, source=khan.hashim]
CSCO $50.30 $200.84B 3.21% 1,4,7,10
......................................................................................................................................................
Stock [symbol=CKHUY, price=5.48, marketCapInBillions=21.11, dividend=0.058000002, months=6|9, source=khan.hashim]
CKHUY $5.48 $21.11B 5.80% 6,9
......................................................................................................................................................
Stock [symbol=EC, price=9.96, marketCapInBillions=20.64, dividend=0.3563, months=4|7, source=khan.hashim]
EC $9.96 $20.64B 35.63% 4,7
......................................................................................................................................................
Stock [symbol=ENB, price=39.58, marketCapInBillions=85.74, dividend=0.0689, months=3|6|9|12, source=khan.hashim]
ENB $39.58 $85.74B 6.89% 3,6,9,12
......................................................................................................................................................
Stock [symbol=EPFE, price=28.75, marketCapInBillions=162.92, dividend=0.0584, months=3|6|9|12, source=khan.hashim]
EPFE $28.75 $162.92B 5.84% 3,6,9,12
......................................................................................................................................................
Stock [symbol=VZ, price=41.44, marketCapInBillions=174.65, dividend=0.0641, months=2|5|8|11, source=khan.hashim]
VZ $41.44 $174.65B 6.41% 2,5,8,11
......................................................................................................................................................
Stock [symbol=CCI, price=111.27, marketCapInBillions=49.32, dividend=0.0552, months=3|6|9|12, source=khan.hashim]
CCI $111.27 $49.32B 5.52% 3,6,9,12
......................................................................................................................................................
Stock [symbol=EPD, price=29.23, marketCapInBillions=63.16, dividend=0.0722, months=2|5|8|11, source=khan.hashim]
EPD $29.23 $63.16B 7.22% 2,5,8,11
......................................................................................................................................................
Stock [symbol=BAM, price=41.12, marketCapInBillions=17.27, dividend=0.037, months=3|6|9|12, source=khan.hashim]
BAM $41.12 $17.27B 3.70% 3,6,9,12
......................................................................................................................................................
Stock [symbol=GILD, price=79.13, marketCapInBillions=97.81, dividend=0.0392, months=3|6|9|12, source=khan.hashim]
GILD $79.13 $97.81B 3.92% 3,6,9,12
......................................................................................................................................................
Stock [symbol=O, price=61.27, marketCapInBillions=54.1, dividend=0.0509, months=1|2|3|4|5|6|7|8|9|10|11|12, source=khan.hashim]
O $61.27 $54.10B 5.09% 1,2,3,4,5,6,7,8,9,10,11,12
......................................................................................................................................................
Stock [symbol=ABBV, price=195.35, marketCapInBillions=345.14, dividend=0.0317, months=2|5|8|11|12, source=khan.hashim]
ABBV $195.35 $345.14B 3.17% 2,5,8,11,12
......................................................................................................................................................
Stock [symbol=IBM, price=200.29, marketCapInBillions=182.81, dividend=0.0337, months=3|6|9|12, source=smith.sachin]
IBM 200.29 182.81B 3.37% 3,6,9,12
......................................................................................................................................................
Stock [symbol=XOM, price=118.2, marketCapInBillions=517.68, dividend=0.0326, months=3|6|9|12, source=smith.sachin]
XOM 118.20 517.68B 3.26% 3,6,9,12
......................................................................................................................................................
Stock [symbol=VZ, price=41.41, marketCapInBillions=174.65, dividend=0.0641, months=2|5|8|11, source=smith.sachin]
VZ 41.41 174.65B 6.41% 2,5,8,11
......................................................................................................................................................
Stock [symbol=MO, price=53.34, marketCapInBillions=90.81, dividend=0.0767, months=3|6|9|12, source=smith.sachin]
MO 53.34 90.81B 7.67% 3,6,9,12
......................................................................................................................................................
Stock [symbol=CMCSA, price=39.5, marketCapInBillions=154.63, dividend=0.0311, months=1|4|7|10, source=smith.sachin]
CMCSA 39.50 154.63B 3.11% 1,4,7,10
......................................................................................................................................................
Stock [symbol=MDT, price=88.33, marketCapInBillions=113.28, dividend=0.0317, months=3|6|9|12, source=smith.sachin]
MDT 88.33 113.28B 3.17% 3,6,9,12
......................................................................................................................................................
Stock [symbol=DOX, price=53.9, marketCapInBillions=37.51, dividend=0.0523, months=2|5|8|11, source=smith.sachin]
DOX 53.90 37.51B 5.23% 2,5,8,11
......................................................................................................................................................
Stock [symbol=GIS, price=71.53, marketCapInBillions=39.83, dividend=0.0335, months=2|5|8|11, source=smith.sachin]
GIS 71.53 39.83B 3.35% 2,5,8,11
......................................................................................................................................................
Stock [symbol=LYB, price=98.35, marketCapInBillions=31.77, dividend=0.054899998, months=3|6|9|12, source=smith.sachin]
LYB 98.35 31.77B 5.49% 3,6,9,12
......................................................................................................................................................
Stock [symbol=WEC, price=92.56, marketCapInBillions=29.33, dividend=0.036, months=3|6|9|12, source=smith.sachin]
WEC 92.56 29.33B 3.60% 3,6,9,12
......................................................................................................................................................
Stock [symbol=FAF, price=63.14, marketCapInBillions=6.47, dividend=0.0337, months=3|6|9|12, source=smith.sachin]
FAF 63.14 6.47B 3.37% 3,6,9,12
......................................................................................................................................................
Stock [symbol=OMF, price=49.0, marketCapInBillions=5.96, dividend=0.0836, months=2|5|8|11, source=smith.sachin]
OMF 49.00 5.96B 8.36% 2,5,8,11
......................................................................................................................................................
Stock [symbol=XRX, price=11.22, marketCapInBillions=1.36, dividend=0.091400005, months=1|5|7|10, source=garcia.melissa]
XRX 11.22 1.36B 9.14 1,5,7,10
......................................................................................................................................................
Stock [symbol=MO, price=53.33, marketCapInBillions=90.91, dividend=0.0767, months=1|4|7|10, source=garcia.melissa]
MO 53.33 90.91B 7.67 1,4,7,10
......................................................................................................................................................
Stock [symbol=VZ, price=41.39, marketCapInBillions=174.65, dividend=0.0641, months=2|5|8|11, source=garcia.melissa]
VZ 41.39 174.65B 6.41 2,5,8,11
......................................................................................................................................................
Stock [symbol=ET, price=15.91, marketCapInBillions=54.35, dividend=0.0806, months=2|5|8|11, source=garcia.melissa]
ET 15.91 54.35B 8.06 2,5,8,11
......................................................................................................................................................
Stock [symbol=T, price=19.83, marketCapInBillions=142.11, dividend=0.055999998, months=2|5|8|11, source=garcia.melissa]
T 19.83 142.11B 5.60 2,5,8,11
......................................................................................................................................................
Stock [symbol=SFL, price=11.66, marketCapInBillions=1.55, dividend=0.0932, months=3|6|9|12, source=garcia.melissa]
SFL 11.66 1.55B 9.32 3,6,9,12
......................................................................................................................................................
Stock [symbol=CSWC, price=24.87, marketCapInBillions=1.15, dividend=0.1041, months=3|6|9|12, source=garcia.melissa]
CSWC 24.87 1.15B 10.41 3,6,9,12
......................................................................................................................................................
Stock [symbol=IBM, price=200.19, marketCapInBillions=182.81, dividend=0.0337, months=3|6|9|12, source=chowdhury.sakin]
IBM 200.19 182.81B 3.37 3,6,9,12
......................................................................................................................................................
Stock [symbol=JNJ, price=164.37, marketCapInBillions=394.6, dividend=0.030299999, months=3|6|9|12, source=chowdhury.sakin]
JNJ 164.37 394.60B 3.03 3,6,9,12
......................................................................................................................................................
Stock [symbol=PEP, price=172.34, marketCapInBillions=238.89, dividend=0.0312, months=3|6|9|1, source=chowdhury.sakin]
PEP 172.34 238.89B 3.12 3,6,9,1
......................................................................................................................................................
Stock [symbol=VZ, price=41.4, marketCapInBillions=174.65, dividend=0.0641, months=2|5|8|11, source=chowdhury.sakin]
VZ 41.40 174.65B 6.41 2,5,8,11
......................................................................................................................................................
Stock [symbol=ABBV, price=195.3, marketCapInBillions=345.14, dividend=0.0317, months=2|5|8|11, source=chowdhury.sakin]
ABBV 195.30 345.14B 3,17 2,5,8,11
......................................................................................................................................................
Stock [symbol=CSCO, price=50.26, marketCapInBillions=200.84, dividend=0.0321, months=1|4|7|10, source=chowdhury.sakin]
CSCO 50.26 200.84B 3.21 1,4,7,10
......................................................................................................................................................
Stock [symbol=WBA, price=9.36, marketCapInBillions=8.1, dividend=0.1066, months=3|6|9|12, source=chowdhury.sakin]
WBA 9.36 8.10B 10.66 3,6,9,12
......................................................................................................................................................
Stock [symbol=MO, price=53.35, marketCapInBillions=90.81, dividend=0.0767, months=4|7|10|1, source=chowdhury.sakin]
MO 53.35 90.81B 7.67 4,7,10,1
......................................................................................................................................................
Stock [symbol=BTI, price=37.33, marketCapInBillions=81.83, dividend=0.0797, months=5|8|11|2, source=chowdhury.sakin]
BTI 37.33 81.83B 7.97 5,8,11,2
......................................................................................................................................................
Stock [symbol=BMY, price=49.51, marketCapInBillions=99.46, dividend=0.048899997, months=2|5|8|11, source=chowdhury.sakin]
BMY 49.51 99.46B 4.89 2,5,8,11
......................................................................................................................................................
Stock [symbol=CVS, price=57.17, marketCapInBillions=72.01, dividend=0.0465, months=1|4|7|10, source=chowdhury.sakin]
CVS 57.17 72.01B 4.65 1,4,7,10
......................................................................................................................................................
Stock [symbol=MPW, price=4.43, marketCapInBillions=2.65, dividend=0.0726, months=4|7|10|1, source=chowdhury.sakin]
MPW 4.43 2.65B 7.26 4,7,10,1
......................................................................................................................................................
Abdallah, salem Thu Sep 12 17:04:07 EDT 2024
]]></system-out>
  </testcase>
</testsuite>