<?xml version="1.0" encoding="UTF-8"?>
<testsuite xmlns:xsi="http://www.w3.org/2001/XMLSchema-instance" xsi:noNamespaceSchemaLocation="https://maven.apache.org/surefire/maven-surefire-plugin/xsd/surefire-test-report-3.0.xsd" version="3.0" name="edu.citytech.javareview.datastructure.sort.T2_SortTest" time="0.024" tests="4" errors="0" skipped="0" failures="0">
  <properties>
[...]
</properties>
  <testcase name="t1" classname="edu.citytech.javareview.datastructure.sort.T2_SortTest" time="0.007">
    <system-out><![CDATA[operation count: 121
.toString: size=11 [0, 1, 2, 3, 4, 5, 6, 7, 8, 9, 10]
]]></system-out>
  </testcase>
  <testcase name="t2" classname="edu.citytech.javareview.datastructure.sort.T2_SortTest" time="0.0"/>
  <testcase name="t3" classname="edu.citytech.javareview.datastructure.sort.T2_SortTest" time="0.0"/>
  <testcase name="t4" classname="edu.citytech.javareview.datastructure.sort.T2_SortTest" time="0.0"/>
</testsuite>