<?xml version="1.0" encoding="UTF-8"?>
<testsuite xmlns:xsi="http://www.w3.org/2001/XMLSchema-instance" xsi:noNamespaceSchemaLocation="https://maven.apache.org/surefire/maven-surefire-plugin/xsd/surefire-test-report-3.0.xsd" version="3.0" name="edu.citytech.javareview.datastructure.T4_DynamicArray" time="0.028" tests="4" errors="1" skipped="0" failures="1">
  <properties>
[...]
</properties>
  <testcase name="t1" classname="edu.citytech.javareview.datastructure.T4_DynamicArray" time="0.013">
    <system-out><![CDATA[beforeEach
DynamicArray allocated size: 20  current size is: 11, content: [10, 1, 2, 3, 4, 5, 6, 7, 11, -4, 20]
DynamicArray allocated size: 20  current size is: 10, content: [10, 1, 2, 3, 4, 5, 6, 7, 11, -4]
lastNumber:20
]]></system-out>
  </testcase>
  <testcase name="t2" classname="edu.citytech.javareview.datastructure.T4_DynamicArray" time="0.004">
    <failure message="expected: &lt;11&gt; but was: &lt;7&gt;" type="org.opentest4j.AssertionFailedError"><![CDATA[org.opentest4j.AssertionFailedError: expected: <11> but was: <7>
	at org.junit.jupiter.api.AssertionFailureBuilder.build(AssertionFailureBuilder.java:151)
	at org.junit.jupiter.api.AssertionFailureBuilder.buildAndThrow(AssertionFailureBuilder.java:132)
	at org.junit.jupiter.api.AssertEquals.failNotEqual(AssertEquals.java:197)
	at org.junit.jupiter.api.AssertEquals.assertEquals(AssertEquals.java:182)
	at org.junit.jupiter.api.AssertEquals.assertEquals(AssertEquals.java:177)
	at org.junit.jupiter.api.Assertions.assertEquals(Assertions.java:538)
	at edu.citytech.javareview.datastructure.T4_DynamicArray.t2(T4_DynamicArray.java:42)
	at java.base/java.lang.reflect.Method.invoke(Method.java:580)
	at java.base/java.util.ArrayList.forEach(ArrayList.java:1597)
	at java.base/java.util.ArrayList.forEach(ArrayList.java:1597)
]]></failure>
    <system-out><![CDATA[beforeEach
DynamicArray allocated size: 40  current size is: 21, content: [10, 1, 2, 3, 4, 5, 6, 7, 11, -4, 20, 10, 1, 2, 3, 4, 5, 6, 7, 11, -4]
DynamicArray allocated size: 40  current size is: 19, content: [10, 1, 2, 3, 4, 5, 6, 7, 11, -4, 20, 10, 1, 2, 3, 4, 5, 6, 7]
]]></system-out>
  </testcase>
  <testcase name="t3" classname="edu.citytech.javareview.datastructure.T4_DynamicArray" time="0.001">
    <system-out><![CDATA[beforeEach
DynamicArray allocated size: 40  current size is: 30, content: [10, 1, 2, 3, 4, 5, 6, 7, 11, -4, 20, 10, 1, 2, 3, 4, 5, 6, 7, 11, -4, 20, 10, 1, 2, 3, 4, 5, 6, 7]
DynamicArray allocated size: 5  current size is: 0, content: []
]]></system-out>
  </testcase>
  <testcase name="t4" classname="edu.citytech.javareview.datastructure.T4_DynamicArray" time="0.001">
    <error message="Index 5 out of bounds for length 5" type="java.lang.ArrayIndexOutOfBoundsException"><![CDATA[java.lang.ArrayIndexOutOfBoundsException: Index 5 out of bounds for length 5
	at edu.citytech.javareview.datastructure.DynamicArray.add(DynamicArray.java:41)
	at edu.learning.datastructure.java17.facade.IModify.add(IModify.java:11)
	at edu.citytech.javareview.datastructure.T4_DynamicArray.beforeEachMethod(T4_DynamicArray.java:18)
	at java.base/java.lang.reflect.Method.invoke(Method.java:580)
	at java.base/java.util.ArrayList.forEach(ArrayList.java:1597)
	at java.base/java.util.ArrayList.forEach(ArrayList.java:1597)
]]></error>
    <system-out><![CDATA[beforeEach
]]></system-out>
  </testcase>
</testsuite>