<?xml version="1.0" encoding="UTF-8"?>
<testsuite xmlns:xsi="http://www.w3.org/2001/XMLSchema-instance" xsi:noNamespaceSchemaLocation="https://maven.apache.org/surefire/maven-surefire-plugin/xsd/surefire-test-report-3.0.xsd" version="3.0" name="edu.citytech.javareview.datastructure.T5_DynamicArray" time="0.04" tests="10" errors="5" skipped="0" failures="4">
  <properties>
    <property name="java.specification.version" value="22"/>
    <property name="sun.jnu.encoding" value="UTF-8"/>
    <property name="java.class.path" value="/Users/salem/Documents/3650/JavaReview/01.Project/javareview/target/test-classes:/Users/salem/Documents/3650/JavaReview/01.Project/javareview/target/classes:/Users/salem/.m2/repository/org/jsoup/jsoup/1.18.1/jsoup-1.18.1.jar:/Users/salem/.m2/repository/org/junit/jupiter/junit-jupiter-api/5.11.0/junit-jupiter-api-5.11.0.jar:/Users/salem/.m2/repository/org/opentest4j/opentest4j/1.3.0/opentest4j-1.3.0.jar:/Users/salem/.m2/repository/org/junit/platform/junit-platform-commons/1.11.0/junit-platform-commons-1.11.0.jar:/Users/salem/.m2/repository/org/apiguardian/apiguardian-api/1.1.2/apiguardian-api-1.1.2.jar:/Users/salem/.m2/repository/edu/learning/datastructure/java17/data/cst3650/1.07/cst3650-1.07.jar:"/>
    <property name="java.vm.vendor" value="Oracle Corporation"/>
    <property name="sun.arch.data.model" value="64"/>
    <property name="java.vendor.url" value="https://java.oracle.com/"/>
    <property name="os.name" value="Mac OS X"/>
    <property name="java.vm.specification.version" value="22"/>
    <property name="user.country" value="US"/>
    <property name="sun.java.launcher" value="SUN_STANDARD"/>
    <property name="sun.boot.library.path" value="/Library/Java/JavaVirtualMachines/jdk-22.jdk/Contents/Home/lib"/>
    <property name="sun.java.command" value="/Users/salem/Documents/3650/JavaReview/01.Project/javareview/target/surefire/surefirebooter-20241001181026489_3.jar /Users/salem/Documents/3650/JavaReview/01.Project/javareview/target/surefire 2024-10-01T18-10-26_442-jvmRun1 surefire-20241001181026489_1tmp surefire_0-20241001181026489_2tmp"/>
    <property name="http.nonProxyHosts" value="local|*.local|169.254/16|*.169.254/16"/>
    <property name="jdk.debug" value="release"/>
    <property name="test" value="edu.citytech.javareview.datastructure.T5_DynamicArray"/>
    <property name="surefire.test.class.path" value="/Users/salem/Documents/3650/JavaReview/01.Project/javareview/target/test-classes:/Users/salem/Documents/3650/JavaReview/01.Project/javareview/target/classes:/Users/salem/.m2/repository/org/jsoup/jsoup/1.18.1/jsoup-1.18.1.jar:/Users/salem/.m2/repository/org/junit/jupiter/junit-jupiter-api/5.11.0/junit-jupiter-api-5.11.0.jar:/Users/salem/.m2/repository/org/opentest4j/opentest4j/1.3.0/opentest4j-1.3.0.jar:/Users/salem/.m2/repository/org/junit/platform/junit-platform-commons/1.11.0/junit-platform-commons-1.11.0.jar:/Users/salem/.m2/repository/org/apiguardian/apiguardian-api/1.1.2/apiguardian-api-1.1.2.jar:/Users/salem/.m2/repository/edu/learning/datastructure/java17/data/cst3650/1.07/cst3650-1.07.jar:"/>
    <property name="sun.cpu.endian" value="little"/>
    <property name="user.home" value="/Users/salem"/>
    <property name="user.language" value="en"/>
    <property name="java.specification.vendor" value="Oracle Corporation"/>
    <property name="java.version.date" value="2024-07-16"/>
    <property name="java.home" value="/Library/Java/JavaVirtualMachines/jdk-22.jdk/Contents/Home"/>
    <property name="file.separator" value="/"/>
    <property name="basedir" value="/Users/salem/Documents/3650/JavaReview/01.Project/javareview"/>
    <property name="java.vm.compressedOopsMode" value="Zero based"/>
    <property name="line.separator" value="&#10;"/>
    <property name="java.vm.specification.vendor" value="Oracle Corporation"/>
    <property name="java.specification.name" value="Java Platform API Specification"/>
    <property name="apple.awt.application.name" value="ForkedBooter"/>
    <property name="surefire.real.class.path" value="/Users/salem/Documents/3650/JavaReview/01.Project/javareview/target/surefire/surefirebooter-20241001181026489_3.jar"/>
    <property name="sun.management.compiler" value="HotSpot 64-Bit Tiered Compilers"/>
    <property name="ftp.nonProxyHosts" value="local|*.local|169.254/16|*.169.254/16"/>
    <property name="java.runtime.version" value="22.0.2+9-70"/>
    <property name="user.name" value="salem"/>
    <property name="stdout.encoding" value="UTF-8"/>
    <property name="path.separator" value=":"/>
    <property name="os.version" value="15.0"/>
    <property name="java.runtime.name" value="Java(TM) SE Runtime Environment"/>
    <property name="file.encoding" value="UTF-8"/>
    <property name="java.vm.name" value="Java HotSpot(TM) 64-Bit Server VM"/>
    <property name="maven.ext.class.path" value="/Users/salem/.vscode/extensions/oracle.oracle-java-22.1.2/nbcode/java/maven-nblib/netbeans-eventspy.jar"/>
    <property name="localRepository" value="/Users/salem/.m2/repository"/>
    <property name="java.vendor.url.bug" value="https://bugreport.java.com/bugreport/"/>
    <property name="java.io.tmpdir" value="/var/folders/r_/pr848knd5lzgs33knty6yzw40000gn/T/"/>
    <property name="java.version" value="22.0.2"/>
    <property name="user.dir" value="/Users/salem/Documents/3650/JavaReview/01.Project/javareview"/>
    <property name="os.arch" value="aarch64"/>
    <property name="java.vm.specification.name" value="Java Virtual Machine Specification"/>
    <property name="native.encoding" value="UTF-8"/>
    <property name="java.library.path" value="/Users/salem/Library/Java/Extensions:/Library/Java/Extensions:/Network/Library/Java/Extensions:/System/Library/Java/Extensions:/usr/lib/java:."/>
    <property name="java.vm.info" value="mixed mode, sharing"/>
    <property name="stderr.encoding" value="UTF-8"/>
    <property name="java.vendor" value="Oracle Corporation"/>
    <property name="java.vm.version" value="22.0.2+9-70"/>
    <property name="sun.io.unicode.encoding" value="UnicodeBig"/>
    <property name="socksNonProxyHosts" value="local|*.local|169.254/16|*.169.254/16"/>
    <property name="java.class.version" value="66.0"/>
  </properties>
  <testcase name="t1" classname="edu.citytech.javareview.datastructure.T5_DynamicArray" time="0.011">
    <system-out><![CDATA[beforeEach
DynamicArray allocated size: 20  current size is: 11, content: [10, 1, 2, 3, 4, 5, 6, 7, 11, -4, 20]
DynamicArray allocated size: 20  current size is: 10, content: [10, 1, 2, 3, 4, 5, 6, 7, 11, -4]
]]></system-out>
  </testcase>
  <testcase name="t2" classname="edu.citytech.javareview.datastructure.T5_DynamicArray" time="0.004">
    <failure message="expected: &lt;10&gt; but was: &lt;20&gt;" type="org.opentest4j.AssertionFailedError"><![CDATA[org.opentest4j.AssertionFailedError: expected: <10> but was: <20>
	at org.junit.jupiter.api.AssertionFailureBuilder.build(AssertionFailureBuilder.java:151)
	at org.junit.jupiter.api.AssertionFailureBuilder.buildAndThrow(AssertionFailureBuilder.java:132)
	at org.junit.jupiter.api.AssertEquals.failNotEqual(AssertEquals.java:197)
	at org.junit.jupiter.api.AssertEquals.assertEquals(AssertEquals.java:150)
	at org.junit.jupiter.api.AssertEquals.assertEquals(AssertEquals.java:145)
	at org.junit.jupiter.api.Assertions.assertEquals(Assertions.java:531)
	at edu.citytech.javareview.datastructure.T5_DynamicArray.t2(T5_DynamicArray.java:39)
	at java.base/java.lang.reflect.Method.invoke(Method.java:580)
	at java.base/java.util.ArrayList.forEach(ArrayList.java:1597)
	at java.base/java.util.ArrayList.forEach(ArrayList.java:1597)
]]></failure>
    <system-out><![CDATA[beforeEach
DynamicArray allocated size: 40  current size is: 21, content: [10, 1, 2, 3, 4, 5, 6, 7, 11, -4, null, 10, 1, 2, 3, 4, 5, 6, 7, 11, -4]
DynamicArray allocated size: 40  current size is: 20, content: [1, 2, 3, 4, 5, 6, 7, 11, -4, null, 10, 1, 2, 3, 4, 5, 6, 7, 11, -4]
]]></system-out>
  </testcase>
  <testcase name="t3" classname="edu.citytech.javareview.datastructure.T5_DynamicArray" time="0.001">
    <failure message="expected: &lt;10&gt; but was: &lt;30&gt;" type="org.opentest4j.AssertionFailedError"><![CDATA[org.opentest4j.AssertionFailedError: expected: <10> but was: <30>
	at org.junit.jupiter.api.AssertionFailureBuilder.build(AssertionFailureBuilder.java:151)
	at org.junit.jupiter.api.AssertionFailureBuilder.buildAndThrow(AssertionFailureBuilder.java:132)
	at org.junit.jupiter.api.AssertEquals.failNotEqual(AssertEquals.java:197)
	at org.junit.jupiter.api.AssertEquals.assertEquals(AssertEquals.java:150)
	at org.junit.jupiter.api.AssertEquals.assertEquals(AssertEquals.java:145)
	at org.junit.jupiter.api.Assertions.assertEquals(Assertions.java:531)
	at edu.citytech.javareview.datastructure.T5_DynamicArray.t3(T5_DynamicArray.java:50)
	at java.base/java.lang.reflect.Method.invoke(Method.java:580)
	at java.base/java.util.ArrayList.forEach(ArrayList.java:1597)
	at java.base/java.util.ArrayList.forEach(ArrayList.java:1597)
]]></failure>
    <system-out><![CDATA[beforeEach
DynamicArray allocated size: 40  current size is: 31, content: [1, 2, 3, 4, 5, 6, 7, 11, -4, null, 10, 1, 2, 3, 4, 5, 6, 7, 11, -4, null, 20, 10, 1, 2, 3, 4, 5, 6, 7, 11]
DynamicArray allocated size: 40  current size is: 30, content: [1, 2, 3, 4, 5, 7, 11, -4, null, 10, 1, 2, 3, 4, 5, 6, 7, 11, -4, null, 20, 10, 1, 2, 3, 4, 5, 6, 7, 11]
]]></system-out>
  </testcase>
  <testcase name="t4" classname="edu.citytech.javareview.datastructure.T5_DynamicArray" time="0.002">
    <error message="Index 40 out of bounds for length 40" type="java.lang.ArrayIndexOutOfBoundsException"><![CDATA[java.lang.ArrayIndexOutOfBoundsException: Index 40 out of bounds for length 40
	at edu.citytech.javareview.datastructure.DynamicArray.add(DynamicArray.java:41)
	at edu.learning.datastructure.java17.facade.IModify.add(IModify.java:11)
	at edu.citytech.javareview.datastructure.T5_DynamicArray.beforeEachMethod(T5_DynamicArray.java:16)
	at java.base/java.lang.reflect.Method.invoke(Method.java:580)
	at java.base/java.util.ArrayList.forEach(ArrayList.java:1597)
	at java.base/java.util.ArrayList.forEach(ArrayList.java:1597)
]]></error>
    <system-out><![CDATA[beforeEach
]]></system-out>
  </testcase>
  <testcase name="t5" classname="edu.citytech.javareview.datastructure.T5_DynamicArray" time="0.001">
    <error message="Index 41 out of bounds for length 40" type="java.lang.ArrayIndexOutOfBoundsException"><![CDATA[java.lang.ArrayIndexOutOfBoundsException: Index 41 out of bounds for length 40
	at edu.citytech.javareview.datastructure.DynamicArray.add(DynamicArray.java:41)
	at edu.learning.datastructure.java17.facade.IModify.add(IModify.java:11)
	at edu.citytech.javareview.datastructure.T5_DynamicArray.beforeEachMethod(T5_DynamicArray.java:16)
	at java.base/java.lang.reflect.Method.invoke(Method.java:580)
	at java.base/java.util.ArrayList.forEach(ArrayList.java:1597)
	at java.base/java.util.ArrayList.forEach(ArrayList.java:1597)
]]></error>
    <system-out><![CDATA[beforeEach
]]></system-out>
  </testcase>
  <testcase name="t6" classname="edu.citytech.javareview.datastructure.T5_DynamicArray" time="0.001">
    <failure message="expected: &lt;19&gt; but was: &lt;58&gt;" type="org.opentest4j.AssertionFailedError"><![CDATA[org.opentest4j.AssertionFailedError: expected: <19> but was: <58>
	at org.junit.jupiter.api.AssertionFailureBuilder.build(AssertionFailureBuilder.java:151)
	at org.junit.jupiter.api.AssertionFailureBuilder.buildAndThrow(AssertionFailureBuilder.java:132)
	at org.junit.jupiter.api.AssertEquals.failNotEqual(AssertEquals.java:197)
	at org.junit.jupiter.api.AssertEquals.assertEquals(AssertEquals.java:150)
	at org.junit.jupiter.api.AssertEquals.assertEquals(AssertEquals.java:145)
	at org.junit.jupiter.api.Assertions.assertEquals(Assertions.java:531)
	at edu.citytech.javareview.datastructure.T5_DynamicArray.t6(T5_DynamicArray.java:90)
	at java.base/java.lang.reflect.Method.invoke(Method.java:580)
	at java.base/java.util.ArrayList.forEach(ArrayList.java:1597)
	at java.base/java.util.ArrayList.forEach(ArrayList.java:1597)
]]></failure>
    <system-out><![CDATA[beforeEach
DynamicArray allocated size: 80  current size is: 50, content: [1, 2, 3, 4, 5, 7, 11, -4, null, 10, 1, 2, 3, 4, 5, 6, 7, 11, -4, null, 20, 10, 1, 2, 3, 4, 5, 6, 7, 11, null, -4, 20, 10, 1, 2, 3, 4, 5, 6, null, null, 10, 1, 2, 3, 4, 5, 6, 7]
DynamicArray allocated size: 80  current size is: 58, content: [2, 4, 5, 7, 11, -4, null, 10, 1, 2, 3, 4, 5, 6, 7, 11, -4, null, 20, 10, 2, 3, 4, 5, 6, 7, 11, null, -4, 20, 10, 1, 2, 3, 4, 5, 6, null, null, 10, 1, 2, 3, 4, 5, 6, 7, 11, -4, 20, 10, 1, 2, 3, 4, 5, 6, 7]
]]></system-out>
  </testcase>
  <testcase name="t7" classname="edu.citytech.javareview.datastructure.T5_DynamicArray" time="0.002">
    <failure message="expected: &lt;0&gt; but was: &lt;-1&gt;" type="org.opentest4j.AssertionFailedError"><![CDATA[org.opentest4j.AssertionFailedError: expected: <0> but was: <-1>
	at org.junit.jupiter.api.AssertionFailureBuilder.build(AssertionFailureBuilder.java:151)
	at org.junit.jupiter.api.AssertionFailureBuilder.buildAndThrow(AssertionFailureBuilder.java:132)
	at org.junit.jupiter.api.AssertEquals.failNotEqual(AssertEquals.java:197)
	at org.junit.jupiter.api.AssertEquals.assertEquals(AssertEquals.java:150)
	at org.junit.jupiter.api.AssertEquals.assertEquals(AssertEquals.java:145)
	at org.junit.jupiter.api.Assertions.assertEquals(Assertions.java:531)
	at edu.citytech.javareview.datastructure.T5_DynamicArray.t7(T5_DynamicArray.java:101)
	at java.base/java.lang.reflect.Method.invoke(Method.java:580)
	at java.base/java.util.ArrayList.forEach(ArrayList.java:1597)
	at java.base/java.util.ArrayList.forEach(ArrayList.java:1597)
]]></failure>
    <system-out><![CDATA[beforeEach
DynamicArray allocated size: 80  current size is: 69, content: [2, 4, 5, 7, 11, -4, null, 10, 1, 2, 3, 4, 5, 6, 7, 11, -4, null, 20, 10, 2, 3, 4, 5, 6, 7, 11, null, -4, 20, 10, 1, 2, 3, 4, 5, 6, null, null, 10, 1, 2, 3, 4, 5, 6, 7, 11, -4, 20, 10, 1, 2, 3, 4, 5, 6, 7, null, null, null, 11, -4, 20, 10, 1, 2, 3, 4]
DynamicArray allocated size: 5  current size is: -1, content: []
]]></system-out>
  </testcase>
  <testcase name="t8" classname="edu.citytech.javareview.datastructure.T5_DynamicArray" time="0.001">
    <error message="Index 5 out of bounds for length 5" type="java.lang.ArrayIndexOutOfBoundsException"><![CDATA[java.lang.ArrayIndexOutOfBoundsException: Index 5 out of bounds for length 5
	at edu.citytech.javareview.datastructure.DynamicArray.add(DynamicArray.java:41)
	at edu.learning.datastructure.java17.facade.IModify.add(IModify.java:11)
	at edu.citytech.javareview.datastructure.T5_DynamicArray.beforeEachMethod(T5_DynamicArray.java:16)
	at java.base/java.lang.reflect.Method.invoke(Method.java:580)
	at java.base/java.util.ArrayList.forEach(ArrayList.java:1597)
	at java.base/java.util.ArrayList.forEach(ArrayList.java:1597)
]]></error>
    <system-out><![CDATA[beforeEach
]]></system-out>
  </testcase>
  <testcase name="t9" classname="edu.citytech.javareview.datastructure.T5_DynamicArray" time="0.001">
    <error message="Index 6 out of bounds for length 5" type="java.lang.ArrayIndexOutOfBoundsException"><![CDATA[java.lang.ArrayIndexOutOfBoundsException: Index 6 out of bounds for length 5
	at edu.citytech.javareview.datastructure.DynamicArray.add(DynamicArray.java:41)
	at edu.learning.datastructure.java17.facade.IModify.add(IModify.java:11)
	at edu.citytech.javareview.datastructure.T5_DynamicArray.beforeEachMethod(T5_DynamicArray.java:16)
	at java.base/java.lang.reflect.Method.invoke(Method.java:580)
	at java.base/java.util.ArrayList.forEach(ArrayList.java:1597)
	at java.base/java.util.ArrayList.forEach(ArrayList.java:1597)
]]></error>
    <system-out><![CDATA[beforeEach
]]></system-out>
  </testcase>
  <testcase name="t10" classname="edu.citytech.javareview.datastructure.T5_DynamicArray" time="0.0">
    <error message="Index 7 out of bounds for length 5" type="java.lang.ArrayIndexOutOfBoundsException"><![CDATA[java.lang.ArrayIndexOutOfBoundsException: Index 7 out of bounds for length 5
	at edu.citytech.javareview.datastructure.DynamicArray.add(DynamicArray.java:41)
	at edu.learning.datastructure.java17.facade.IModify.add(IModify.java:11)
	at edu.citytech.javareview.datastructure.T5_DynamicArray.beforeEachMethod(T5_DynamicArray.java:16)
	at java.base/java.lang.reflect.Method.invoke(Method.java:580)
	at java.base/java.util.ArrayList.forEach(ArrayList.java:1597)
	at java.base/java.util.ArrayList.forEach(ArrayList.java:1597)
]]></error>
    <system-out><![CDATA[beforeEach
]]></system-out>
  </testcase>
</testsuite>