<?xml version="1.0" encoding="UTF-8"?>
<testsuite xmlns:xsi="http://www.w3.org/2001/XMLSchema-instance" xsi:noNamespaceSchemaLocation="https://maven.apache.org/surefire/maven-surefire-plugin/xsd/surefire-test-report-3.0.xsd" version="3.0" name="edu.citytech.javareview.datastructure.TA_DynamicArrayRemoveAt" time="0.041" tests="4" errors="0" skipped="0" failures="2">
  <properties>
[...]
</properties>
  <testcase name="t1" classname="edu.citytech.javareview.datastructure.TA_DynamicArrayRemoveAt" time="0.016">
    <system-out><![CDATA[beforeEach: DynamicArray allocated size: 10  current size is: 9, content: [t, d, a, c, f, g, z, t, t]1
t1........: DynamicArray allocated size: 10  current size is: 8, content: [t, d, c, f, g, z, t, t]
]]></system-out>
  </testcase>
  <testcase name="t2" classname="edu.citytech.javareview.datastructure.TA_DynamicArrayRemoveAt" time="0.001">
    <system-out><![CDATA[beforeEach: DynamicArray allocated size: 10  current size is: 9, content: [t, d, a, c, f, g, z, t, t]2
t2........: DynamicArray allocated size: 10  current size is: 8, content: [t, d, c, f, g, z, t, t]
]]></system-out>
  </testcase>
  <testcase name="t3" classname="edu.citytech.javareview.datastructure.TA_DynamicArrayRemoveAt" time="0.006">
    <failure message="expected: &lt;8&gt; but was: &lt;9&gt;" type="org.opentest4j.AssertionFailedError"><![CDATA[org.opentest4j.AssertionFailedError: expected: <8> but was: <9>
	at org.junit.jupiter.api.AssertionFailureBuilder.build(AssertionFailureBuilder.java:151)
	at org.junit.jupiter.api.AssertionFailureBuilder.buildAndThrow(AssertionFailureBuilder.java:132)
	at org.junit.jupiter.api.AssertEquals.failNotEqual(AssertEquals.java:197)
	at org.junit.jupiter.api.AssertEquals.assertEquals(AssertEquals.java:150)
	at org.junit.jupiter.api.AssertEquals.assertEquals(AssertEquals.java:145)
	at org.junit.jupiter.api.Assertions.assertEquals(Assertions.java:531)
	at edu.citytech.javareview.datastructure.TA_DynamicArrayRemoveAt.t3(TA_DynamicArrayRemoveAt.java:49)
	at java.base/java.lang.reflect.Method.invoke(Method.java:580)
	at java.base/java.util.ArrayList.forEach(ArrayList.java:1597)
	at java.base/java.util.ArrayList.forEach(ArrayList.java:1597)
]]></failure>
    <system-out><![CDATA[beforeEach: DynamicArray allocated size: 10  current size is: 9, content: [t, d, a, c, f, g, z, t, t]3
t3........: DynamicArray allocated size: 10  current size is: 9, content: [t, d, a, c, f, g, z, t, t]
]]></system-out>
  </testcase>
  <testcase name="t4" classname="edu.citytech.javareview.datastructure.TA_DynamicArrayRemoveAt" time="0.004">
    <failure message="expected: &lt;6&gt; but was: &lt;7&gt;" type="org.opentest4j.AssertionFailedError"><![CDATA[org.opentest4j.AssertionFailedError: expected: <6> but was: <7>
	at org.junit.jupiter.api.AssertionFailureBuilder.build(AssertionFailureBuilder.java:151)
	at org.junit.jupiter.api.AssertionFailureBuilder.buildAndThrow(AssertionFailureBuilder.java:132)
	at org.junit.jupiter.api.AssertEquals.failNotEqual(AssertEquals.java:197)
	at org.junit.jupiter.api.AssertEquals.assertEquals(AssertEquals.java:150)
	at org.junit.jupiter.api.AssertEquals.assertEquals(AssertEquals.java:145)
	at org.junit.jupiter.api.Assertions.assertEquals(Assertions.java:531)
	at edu.citytech.javareview.datastructure.TA_DynamicArrayRemoveAt.t4(TA_DynamicArrayRemoveAt.java:59)
	at java.base/java.lang.reflect.Method.invoke(Method.java:580)
	at java.base/java.util.ArrayList.forEach(ArrayList.java:1597)
	at java.base/java.util.ArrayList.forEach(ArrayList.java:1597)
]]></failure>
    <system-out><![CDATA[beforeEach: DynamicArray allocated size: 10  current size is: 9, content: [t, d, a, c, f, g, z, t, t]4
t4........: DynamicArray allocated size: 10  current size is: 7, content: [t, d, a, c, f, g, z]
]]></system-out>
  </testcase>
</testsuite>