<?xml version="1.0" encoding="UTF-8"?>
<testsuite xmlns:xsi="http://www.w3.org/2001/XMLSchema-instance" xsi:noNamespaceSchemaLocation="https://maven.apache.org/surefire/maven-surefire-plugin/xsd/surefire-test-report-3.0.xsd" version="3.0" name="edu.citytech.javareview.datastructure.T5_DynamicArray" time="0.04" tests="10" errors="5" skipped="0" failures="4">
  <properties>
[...]
</properties>
  <testcase name="t1" classname="edu.citytech.javareview.datastructure.T5_DynamicArray" time="0.011">
    <system-out><![CDATA[beforeEach
DynamicArray allocated size: 20  current size is: 11, content: [10, 1, 2, 3, 4, 5, 6, 7, 11, -4, 20]
DynamicArray allocated size: 20  current size is: 10, content: [10, 1, 2, 3, 4, 5, 6, 7, 11, -4]
]]></system-out>
  </testcase>
  <testcase name="t2" classname="edu.citytech.javareview.datastructure.T5_DynamicArray" time="0.004">
    <failure message="expected: &lt;10&gt; but was: &lt;20&gt;" type="org.opentest4j.AssertionFailedError"><![CDATA[org.opentest4j.AssertionFailedError: expected: <10> but was: <20>
	at org.junit.jupiter.api.AssertionFailureBuilder.build(AssertionFailureBuilder.java:151)
	at org.junit.jupiter.api.AssertionFailureBuilder.buildAndThrow(AssertionFailureBuilder.java:132)
	at org.junit.jupiter.api.AssertEquals.failNotEqual(AssertEquals.java:197)
	at org.junit.jupiter.api.AssertEquals.assertEquals(AssertEquals.java:150)
	at org.junit.jupiter.api.AssertEquals.assertEquals(AssertEquals.java:145)
	at org.junit.jupiter.api.Assertions.assertEquals(Assertions.java:531)
	at edu.citytech.javareview.datastructure.T5_DynamicArray.t2(T5_DynamicArray.java:39)
	at java.base/java.lang.reflect.Method.invoke(Method.java:580)
	at java.base/java.util.ArrayList.forEach(ArrayList.java:1597)
	at java.base/java.util.ArrayList.forEach(ArrayList.java:1597)
]]></failure>
    <system-out><![CDATA[beforeEach
DynamicArray allocated size: 40  current size is: 21, content: [10, 1, 2, 3, 4, 5, 6, 7, 11, -4, null, 10, 1, 2, 3, 4, 5, 6, 7, 11, -4]
DynamicArray allocated size: 40  current size is: 20, content: [1, 2, 3, 4, 5, 6, 7, 11, -4, null, 10, 1, 2, 3, 4, 5, 6, 7, 11, -4]
]]></system-out>
  </testcase>
  <testcase name="t3" classname="edu.citytech.javareview.datastructure.T5_DynamicArray" time="0.001">
    <failure message="expected: &lt;10&gt; but was: &lt;30&gt;" type="org.opentest4j.AssertionFailedError"><![CDATA[org.opentest4j.AssertionFailedError: expected: <10> but was: <30>
	at org.junit.jupiter.api.AssertionFailureBuilder.build(AssertionFailureBuilder.java:151)
	at org.junit.jupiter.api.AssertionFailureBuilder.buildAndThrow(AssertionFailureBuilder.java:132)
	at org.junit.jupiter.api.AssertEquals.failNotEqual(AssertEquals.java:197)
	at org.junit.jupiter.api.AssertEquals.assertEquals(AssertEquals.java:150)
	at org.junit.jupiter.api.AssertEquals.assertEquals(AssertEquals.java:145)
	at org.junit.jupiter.api.Assertions.assertEquals(Assertions.java:531)
	at edu.citytech.javareview.datastructure.T5_DynamicArray.t3(T5_DynamicArray.java:50)
	at java.base/java.lang.reflect.Method.invoke(Method.java:580)
	at java.base/java.util.ArrayList.forEach(ArrayList.java:1597)
	at java.base/java.util.ArrayList.forEach(ArrayList.java:1597)
]]></failure>
    <system-out><![CDATA[beforeEach
DynamicArray allocated size: 40  current size is: 31, content: [1, 2, 3, 4, 5, 6, 7, 11, -4, null, 10, 1, 2, 3, 4, 5, 6, 7, 11, -4, null, 20, 10, 1, 2, 3, 4, 5, 6, 7, 11]
DynamicArray allocated size: 40  current size is: 30, content: [1, 2, 3, 4, 5, 7, 11, -4, null, 10, 1, 2, 3, 4, 5, 6, 7, 11, -4, null, 20, 10, 1, 2, 3, 4, 5, 6, 7, 11]
]]></system-out>
  </testcase>
  <testcase name="t4" classname="edu.citytech.javareview.datastructure.T5_DynamicArray" time="0.002">
    <error message="Index 40 out of bounds for length 40" type="java.lang.ArrayIndexOutOfBoundsException"><![CDATA[java.lang.ArrayIndexOutOfBoundsException: Index 40 out of bounds for length 40
	at edu.citytech.javareview.datastructure.DynamicArray.add(DynamicArray.java:41)
	at edu.learning.datastructure.java17.facade.IModify.add(IModify.java:11)
	at edu.citytech.javareview.datastructure.T5_DynamicArray.beforeEachMethod(T5_DynamicArray.java:16)
	at java.base/java.lang.reflect.Method.invoke(Method.java:580)
	at java.base/java.util.ArrayList.forEach(ArrayList.java:1597)
	at java.base/java.util.ArrayList.forEach(ArrayList.java:1597)
]]></error>
    <system-out><![CDATA[beforeEach
]]></system-out>
  </testcase>
  <testcase name="t5" classname="edu.citytech.javareview.datastructure.T5_DynamicArray" time="0.001">
    <error message="Index 41 out of bounds for length 40" type="java.lang.ArrayIndexOutOfBoundsException"><![CDATA[java.lang.ArrayIndexOutOfBoundsException: Index 41 out of bounds for length 40
	at edu.citytech.javareview.datastructure.DynamicArray.add(DynamicArray.java:41)
	at edu.learning.datastructure.java17.facade.IModify.add(IModify.java:11)
	at edu.citytech.javareview.datastructure.T5_DynamicArray.beforeEachMethod(T5_DynamicArray.java:16)
	at java.base/java.lang.reflect.Method.invoke(Method.java:580)
	at java.base/java.util.ArrayList.forEach(ArrayList.java:1597)
	at java.base/java.util.ArrayList.forEach(ArrayList.java:1597)
]]></error>
    <system-out><![CDATA[beforeEach
]]></system-out>
  </testcase>
  <testcase name="t6" classname="edu.citytech.javareview.datastructure.T5_DynamicArray" time="0.001">
    <failure message="expected: &lt;19&gt; but was: &lt;58&gt;" type="org.opentest4j.AssertionFailedError"><![CDATA[org.opentest4j.AssertionFailedError: expected: <19> but was: <58>
	at org.junit.jupiter.api.AssertionFailureBuilder.build(AssertionFailureBuilder.java:151)
	at org.junit.jupiter.api.AssertionFailureBuilder.buildAndThrow(AssertionFailureBuilder.java:132)
	at org.junit.jupiter.api.AssertEquals.failNotEqual(AssertEquals.java:197)
	at org.junit.jupiter.api.AssertEquals.assertEquals(AssertEquals.java:150)
	at org.junit.jupiter.api.AssertEquals.assertEquals(AssertEquals.java:145)
	at org.junit.jupiter.api.Assertions.assertEquals(Assertions.java:531)
	at edu.citytech.javareview.datastructure.T5_DynamicArray.t6(T5_DynamicArray.java:90)
	at java.base/java.lang.reflect.Method.invoke(Method.java:580)
	at java.base/java.util.ArrayList.forEach(ArrayList.java:1597)
	at java.base/java.util.ArrayList.forEach(ArrayList.java:1597)
]]></failure>
    <system-out><![CDATA[beforeEach
DynamicArray allocated size: 80  current size is: 50, content: [1, 2, 3, 4, 5, 7, 11, -4, null, 10, 1, 2, 3, 4, 5, 6, 7, 11, -4, null, 20, 10, 1, 2, 3, 4, 5, 6, 7, 11, null, -4, 20, 10, 1, 2, 3, 4, 5, 6, null, null, 10, 1, 2, 3, 4, 5, 6, 7]
DynamicArray allocated size: 80  current size is: 58, content: [2, 4, 5, 7, 11, -4, null, 10, 1, 2, 3, 4, 5, 6, 7, 11, -4, null, 20, 10, 2, 3, 4, 5, 6, 7, 11, null, -4, 20, 10, 1, 2, 3, 4, 5, 6, null, null, 10, 1, 2, 3, 4, 5, 6, 7, 11, -4, 20, 10, 1, 2, 3, 4, 5, 6, 7]
]]></system-out>
  </testcase>
  <testcase name="t7" classname="edu.citytech.javareview.datastructure.T5_DynamicArray" time="0.002">
    <failure message="expected: &lt;0&gt; but was: &lt;-1&gt;" type="org.opentest4j.AssertionFailedError"><![CDATA[org.opentest4j.AssertionFailedError: expected: <0> but was: <-1>
	at org.junit.jupiter.api.AssertionFailureBuilder.build(AssertionFailureBuilder.java:151)
	at org.junit.jupiter.api.AssertionFailureBuilder.buildAndThrow(AssertionFailureBuilder.java:132)
	at org.junit.jupiter.api.AssertEquals.failNotEqual(AssertEquals.java:197)
	at org.junit.jupiter.api.AssertEquals.assertEquals(AssertEquals.java:150)
	at org.junit.jupiter.api.AssertEquals.assertEquals(AssertEquals.java:145)
	at org.junit.jupiter.api.Assertions.assertEquals(Assertions.java:531)
	at edu.citytech.javareview.datastructure.T5_DynamicArray.t7(T5_DynamicArray.java:101)
	at java.base/java.lang.reflect.Method.invoke(Method.java:580)
	at java.base/java.util.ArrayList.forEach(ArrayList.java:1597)
	at java.base/java.util.ArrayList.forEach(ArrayList.java:1597)
]]></failure>
    <system-out><![CDATA[beforeEach
DynamicArray allocated size: 80  current size is: 69, content: [2, 4, 5, 7, 11, -4, null, 10, 1, 2, 3, 4, 5, 6, 7, 11, -4, null, 20, 10, 2, 3, 4, 5, 6, 7, 11, null, -4, 20, 10, 1, 2, 3, 4, 5, 6, null, null, 10, 1, 2, 3, 4, 5, 6, 7, 11, -4, 20, 10, 1, 2, 3, 4, 5, 6, 7, null, null, null, 11, -4, 20, 10, 1, 2, 3, 4]
DynamicArray allocated size: 5  current size is: -1, content: []
]]></system-out>
  </testcase>
  <testcase name="t8" classname="edu.citytech.javareview.datastructure.T5_DynamicArray" time="0.001">
    <error message="Index 5 out of bounds for length 5" type="java.lang.ArrayIndexOutOfBoundsException"><![CDATA[java.lang.ArrayIndexOutOfBoundsException: Index 5 out of bounds for length 5
	at edu.citytech.javareview.datastructure.DynamicArray.add(DynamicArray.java:41)
	at edu.learning.datastructure.java17.facade.IModify.add(IModify.java:11)
	at edu.citytech.javareview.datastructure.T5_DynamicArray.beforeEachMethod(T5_DynamicArray.java:16)
	at java.base/java.lang.reflect.Method.invoke(Method.java:580)
	at java.base/java.util.ArrayList.forEach(ArrayList.java:1597)
	at java.base/java.util.ArrayList.forEach(ArrayList.java:1597)
]]></error>
    <system-out><![CDATA[beforeEach
]]></system-out>
  </testcase>
  <testcase name="t9" classname="edu.citytech.javareview.datastructure.T5_DynamicArray" time="0.001">
    <error message="Index 6 out of bounds for length 5" type="java.lang.ArrayIndexOutOfBoundsException"><![CDATA[java.lang.ArrayIndexOutOfBoundsException: Index 6 out of bounds for length 5
	at edu.citytech.javareview.datastructure.DynamicArray.add(DynamicArray.java:41)
	at edu.learning.datastructure.java17.facade.IModify.add(IModify.java:11)
	at edu.citytech.javareview.datastructure.T5_DynamicArray.beforeEachMethod(T5_DynamicArray.java:16)
	at java.base/java.lang.reflect.Method.invoke(Method.java:580)
	at java.base/java.util.ArrayList.forEach(ArrayList.java:1597)
	at java.base/java.util.ArrayList.forEach(ArrayList.java:1597)
]]></error>
    <system-out><![CDATA[beforeEach
]]></system-out>
  </testcase>
  <testcase name="t10" classname="edu.citytech.javareview.datastructure.T5_DynamicArray" time="0.0">
    <error message="Index 7 out of bounds for length 5" type="java.lang.ArrayIndexOutOfBoundsException"><![CDATA[java.lang.ArrayIndexOutOfBoundsException: Index 7 out of bounds for length 5
	at edu.citytech.javareview.datastructure.DynamicArray.add(DynamicArray.java:41)
	at edu.learning.datastructure.java17.facade.IModify.add(IModify.java:11)
	at edu.citytech.javareview.datastructure.T5_DynamicArray.beforeEachMethod(T5_DynamicArray.java:16)
	at java.base/java.lang.reflect.Method.invoke(Method.java:580)
	at java.base/java.util.ArrayList.forEach(ArrayList.java:1597)
	at java.base/java.util.ArrayList.forEach(ArrayList.java:1597)
]]></error>
    <system-out><![CDATA[beforeEach
]]></system-out>
  </testcase>
</testsuite>