<?xml version="1.0" encoding="UTF-8"?>
<testsuite xmlns:xsi="http://www.w3.org/2001/XMLSchema-instance" xsi:noNamespaceSchemaLocation="https://maven.apache.org/surefire/maven-surefire-plugin/xsd/surefire-test-report-3.0.xsd" version="3.0" name="edu.citytech.javareview.datastructure.singlylinkedlist.T1_SinglyLinkedList" time="0.02" tests="5" errors="0" skipped="0" failures="0">
  <properties>
[...]
</properties>
  <testcase name="t1" classname="edu.citytech.javareview.datastructure.singlylinkedlist.T1_SinglyLinkedList" time="0.006"/>
  <testcase name="t2" classname="edu.citytech.javareview.datastructure.singlylinkedlist.T1_SinglyLinkedList" time="0.001"/>
  <testcase name="t3" classname="edu.citytech.javareview.datastructure.singlylinkedlist.T1_SinglyLinkedList" time="0.0"/>
  <testcase name="t4" classname="edu.citytech.javareview.datastructure.singlylinkedlist.T1_SinglyLinkedList" time="0.0"/>
  <testcase name="t5" classname="edu.citytech.javareview.datastructure.singlylinkedlist.T1_SinglyLinkedList" time="0.001"/>
</testsuite>